java.lang.NumberFormatException: For input string: "”7.55"
	at sun.misc.FloatingDecimal.readJavaFormatString(Unknown Source)
	at sun.misc.FloatingDecimal.parseDouble(Unknown Source)
	at java.lang.Double.parseDouble(Unknown Source)
	at java.lang.Double.valueOf(Unknown Source)
	at tool.Util.getPriceByString(Util.java:303)
	at service.ScenarioGroupService.pushNewTrendSign(ScenarioGroupService.java:862)
	at service.ScenarioGroupService.checkScenarioGroupTrend(ScenarioGroupService.java:632)
	at application.AutoTradeWithVol.calledBySecondTimer(AutoTradeWithVol.java:540)
	at application.AutoTradeWithVol.access$1(AutoTradeWithVol.java:461)
	at application.AutoTradeWithVol$4.run(AutoTradeWithVol.java:420)
	at java.util.TimerThread.mainLoop(Unknown Source)
	at java.util.TimerThread.run(Unknown Source)
Exception in thread "Timer-0" java.lang.IllegalStateException: Not on FX application thread; currentThread = Timer-0
	at com.sun.javafx.tk.Toolkit.checkFxUserThread(Toolkit.java:279)
	at com.sun.javafx.tk.quantum.QuantumToolkit.checkFxUserThread(QuantumToolkit.java:423)
	at javafx.stage.Stage.<init>(Stage.java:241)
	at javafx.stage.Stage.<init>(Stage.java:227)
	at javafx.scene.control.HeavyweightDialog$1.<init>(HeavyweightDialog.java:52)
	at javafx.scene.control.HeavyweightDialog.<init>(HeavyweightDialog.java:52)
	at javafx.scene.control.Dialog.<init>(Dialog.java:263)
	at javafx.scene.control.Alert.<init>(Alert.java:245)
	at javafx.scene.control.Alert.<init>(Alert.java:223)
	at application.AutoTradeWithVol.calledBySecondTimer(AutoTradeWithVol.java:515)
	at application.AutoTradeWithVol.access$1(AutoTradeWithVol.java:461)
	at application.AutoTradeWithVol$4.run(AutoTradeWithVol.java:420)
	at java.util.TimerThread.mainLoop(Unknown Source)
	at java.util.TimerThread.run(Unknown Source)
